<?xml version="1.0" encoding="UTF-8"?>
<!-- Generated by org.testng.reporters.JUnitReportReporter -->
<testsuite hostname="Raghunandan" name="com.supplierconnection.testcases.Registerasother" tests="1" failures="0" timestamp="30 May 2016 09:57:14 GMT" time="174.928" errors="0">
  <testcase name="register" time="174.928" classname="com.supplierconnection.testcases.Registerasother"/>
</testsuite> <!-- com.supplierconnection.testcases.Registerasother -->
