<?xml version="1.0" encoding="UTF-8"?>
<!-- Generated by org.testng.reporters.JUnitReportReporter -->
<testsuite hostname="Raghunandan" name="com.supplierconnection.testcases.SC_profilemanagers" tests="1" failures="0" timestamp="30 May 2016 13:21:47 GMT" time="188.697" errors="0">
  <testcase name="SC_profilemanagers" time="188.697" classname="com.supplierconnection.testcases.SC_profilemanagers"/>
</testsuite> <!-- com.supplierconnection.testcases.SC_profilemanagers -->
