<?xml version="1.0" encoding="UTF-8"?>
<!-- Generated by org.testng.reporters.JUnitReportReporter -->
<testsuite hostname="Raghunandan" name="com.supplierconnection.testcases.RegisterBuyer" tests="1" failures="0" timestamp="30 May 2016 10:01:11 GMT" time="180.916" errors="0">
  <testcase name="register" time="180.916" classname="com.supplierconnection.testcases.RegisterBuyer"/>
</testsuite> <!-- com.supplierconnection.testcases.RegisterBuyer -->
