<?xml version="1.0" encoding="UTF-8"?>
<!-- Generated by org.testng.reporters.JUnitReportReporter -->
<testsuite hostname="Raghunandan" name="com.supplierconnection.testcases.SC_profilemanagers_Employeeportal" tests="1" failures="0" timestamp="30 May 2016 10:16:34 GMT" time="65.225" errors="0">
  <testcase name="SC_profilemanagers" time="65.225" classname="com.supplierconnection.testcases.SC_profilemanagers_Employeeportal"/>
</testsuite> <!-- com.supplierconnection.testcases.SC_profilemanagers_Employeeportal -->
