<?xml version="1.0" encoding="UTF-8"?>
<!-- Generated by org.testng.reporters.JUnitReportReporter -->
<testsuite hostname="Raghunandan" name="com.supplierconnection.testcases.SC_profilemanagers_addmoreadmins" tests="1" failures="0" timestamp="30 May 2016 10:25:05 GMT" time="51.966" errors="0">
  <testcase name="SC_profilemanagers" time="51.966" classname="com.supplierconnection.testcases.SC_profilemanagers_addmoreadmins"/>
</testsuite> <!-- com.supplierconnection.testcases.SC_profilemanagers_addmoreadmins -->
