<?xml version="1.0" encoding="UTF-8"?>
<!-- Generated by org.testng.reporters.JUnitReportReporter -->
<testsuite hostname="Raghunandan" name="com.supplierconnection.testcases.SC_profilemanagers_Supplieremployee" tests="1" failures="0" timestamp="30 May 2016 10:37:03 GMT" time="67.038" errors="0">
  <testcase name="SC_profilemanagers_Supplieremployee" time="67.038" classname="com.supplierconnection.testcases.SC_profilemanagers_Supplieremployee"/>
</testsuite> <!-- com.supplierconnection.testcases.SC_profilemanagers_Supplieremployee -->
