<?xml version="1.0" encoding="UTF-8"?>
<!-- Generated by org.testng.reporters.JUnitReportReporter -->
<testsuite hostname="Raghunandan" name="com.supplierconnection.testcases.SC_RegisterpageValidations" tests="1" failures="0" timestamp="30 May 2016 10:04:32 GMT" time="165.383" errors="0">
  <testcase name="register" time="165.383" classname="com.supplierconnection.testcases.SC_RegisterpageValidations"/>
</testsuite> <!-- com.supplierconnection.testcases.SC_RegisterpageValidations -->
