<?xml version="1.0" encoding="UTF-8"?>
<!-- Generated by org.testng.reporters.JUnitReportReporter -->
<testsuite hostname="Raghunandan" name="com.supplierconnection.testcases.SC_step4" tests="1" failures="0" timestamp="30 May 2016 07:48:44 GMT" time="132.247" errors="0">
  <testcase name="step1" time="132.247" classname="com.supplierconnection.testcases.SC_step4"/>
</testsuite> <!-- com.supplierconnection.testcases.SC_step4 -->
